Arguments: 
  C:\Program Files\nodejs\node.exe C:\Users\Abukhasim.Salisu\AppData\Roaming\npm\node_modules\yarn\bin\yarn.js add auth0-js react-router react-router-dom history

PATH: 
  C:\Users\Abukhasim.Salisu\AppData\Local\Programs\Git\mingw64\bin;C:\Users\Abukhasim.Salisu\AppData\Local\Programs\Git\usr\bin;C:\Users\Abukhasim.Salisu\bin;C:\Program Files (x86)\Intel\iCLS Client;C:\Program Files\Intel\iCLS Client;C:\WINDOWS\system32;C:\WINDOWS;C:\WINDOWS\System32\Wbem;C:\WINDOWS\System32\WindowsPowerShell\v1.0;C:\Program Files (x86)\Intel\Intel(R) Management Engine Components\DAL;C:\Program Files\Intel\Intel(R) Management Engine Components\DAL;C:\Program Files (x86)\Intel\Intel(R) Management Engine Components\IPT;C:\Program Files\Intel\Intel(R) Management Engine Components\IPT;C:\WINDOWS\System32\OpenSSH;C:\Program Files\nodejs;C:\Program Files\MongoDB\Server\4.4\bin;C:\Users\Abukhasim.Salisu\AppData\Roaming\npm;C:\Users\Abukhasim.Salisu\AppData\Local\Programs\Python\Python38-32\Scripts;C:\Users\Abukhasim.Salisu\AppData\Local\Programs\Python\Python38-32;C:\Users\Abukhasim.Salisu\AppData\Local\Microsoft\WindowsApps;C:\Users\Abukhasim.Salisu\AppData\Roaming\npm;C:\Users\Abukhasim.Salisu\AppData\Local\Programs\Git\cmd;C:\Users\Abukhasim.Salisu\AppData\Local\Programs\Microsoft VS Code\bin

Yarn version: 
  1.22.10

Node version: 
  12.18.3

Platform: 
  win32 x64

Trace: 
  Error: https://registry.yarnpkg.com/postcss-selector-parser/-/postcss-selector-parser-5.0.0.tgz: ESOCKETTIMEDOUT
      at ClientRequest.<anonymous> (C:\Users\Abukhasim.Salisu\AppData\Roaming\npm\node_modules\yarn\lib\cli.js:141289:19)
      at Object.onceWrapper (events.js:421:28)
      at ClientRequest.emit (events.js:315:20)
      at TLSSocket.emitRequestTimeout (_http_client.js:709:9)
      at Object.onceWrapper (events.js:421:28)
      at TLSSocket.emit (events.js:327:22)
      at TLSSocket.Socket._onTimeout (net.js:482:8)
      at listOnTimeout (internal/timers.js:549:17)
      at processTimers (internal/timers.js:492:7)

npm manifest: 
  {
    "name": "loginauth",
    "version": "0.1.0",
    "private": true,
    "dependencies": {
      "@testing-library/jest-dom": "^4.2.4",
      "@testing-library/react": "^9.5.0",
      "@testing-library/user-event": "^7.2.1",
      "react": "^16.14.0",
      "react-dom": "^16.14.0",
      "react-scripts": "3.4.3"
    },
    "scripts": {
      "start": "react-scripts start",
      "build": "react-scripts build",
      "test": "react-scripts test",
      "eject": "react-scripts eject"
    },
    "eslintConfig": {
      "extends": "react-app"
    },
    "browserslist": {
      "production": [
        ">0.2%",
        "not dead",
        "not op_mini all"
      ],
      "development": [
        "last 1 chrome version",
        "last 1 firefox version",
        "last 1 safari version"
      ]
    }
  }

yarn manifest: 
  No manifest

Lockfile: 
  No lockfile
